<?xml version="1.0" encoding="UTF-8"?>
<!-- Generated by org.testng.reporters.JUnitReportReporter -->
<testsuite skipped="2" hostname="DESKTOP-PU16VBP" name="com.Tests.LoginApiTest" tests="3" failures="0" timestamp="2021-01-07T16:27:02 CST" time="0.195" errors="0">
  <testcase name="TC3_login_With_Invalid_Method_Test" time="0.195" classname="com.Tests.LoginApiTest"/>
  <system-out/>
  <testcase name="TC1_login_Invalid_Username_Test" classname="com.Tests.LoginApiTest">
    <skipped/>
  </testcase> <!-- TC1_login_Invalid_Username_Test -->
  <system-out/>
  <testcase name="TC2_login_Invalid_password_Test" classname="com.Tests.LoginApiTest">
    <skipped/>
  </testcase> <!-- TC2_login_Invalid_password_Test -->
  <system-out/>
</testsuite> <!-- com.Tests.LoginApiTest -->
