<?xml version="1.0" encoding="UTF-8"?>
<!-- Generated by org.testng.reporters.JUnitReportReporter -->
<testsuite skipped="0" hostname="DESKTOP-PU16VBP" name="com.Tests.forgotPassWordTest" tests="1" failures="0" timestamp="2021-01-06T15:53:42 CST" time="17.331" errors="0">
  <testcase name="TC4_ForgotPassword_Test" time="17.331" classname="com.Tests.forgotPassWordTest"/>
  <system-out/>
</testsuite> <!-- com.Tests.forgotPassWordTest -->
