<?xml version="1.0" encoding="UTF-8"?>
<!-- Generated by org.testng.reporters.JUnitReportReporter -->
<testsuite skipped="0" hostname="DESKTOP-PU16VBP" name="com.Tests.get_ApiTest" tests="3" failures="0" timestamp="2021-01-07T18:06:07 CST" time="7.001" errors="0">
  <testcase name="getSalary_Test" time="1.563" classname="com.Tests.get_ApiTest"/>
  <system-out/>
  <testcase name="check_accountno_Test" time="3.345" classname="com.Tests.get_ApiTest"/>
  <system-out/>
  <testcase name="getMethod_Test" time="2.093" classname="com.Tests.get_ApiTest"/>
  <system-out/>
</testsuite> <!-- com.Tests.get_ApiTest -->
