<?xml version="1.0" encoding="UTF-8"?>
<!-- Generated by org.testng.reporters.JUnitReportReporter -->
<testsuite skipped="0" hostname="DESKTOP-PU16VBP" name="com.Tests.loginTest1" tests="4" failures="0" timestamp="2020-12-08T16:06:48 CST" time="86.538" errors="0">
  <testcase name="TC1_verify_LoginPage_Title_Test" time="22.378" classname="com.Tests.loginTest1"/>
  <system-out/>
  <testcase name="TC2_login_With_Valid_Credentials_Test" time="21.259" classname="com.Tests.loginTest1"/>
  <system-out/>
  <testcase name="TC3_login_With_ValidUsername_Credential_Test" time="21.140" classname="com.Tests.loginTest1"/>
  <system-out/>
  <testcase name="TC4_login_With_Password_Credential_Test" time="21.761" classname="com.Tests.loginTest1"/>
  <system-out/>
</testsuite> <!-- com.Tests.loginTest1 -->
