<?xml version="1.0" encoding="UTF-8"?>
<!-- Generated by org.testng.reporters.JUnitReportReporter -->
<testsuite skipped="3" hostname="DESKTOP-PU16VBP" name="com.Tests.LoginTest" tests="4" failures="0" timestamp="2021-01-06T15:53:42 CST" time="18.738" errors="0">
  <testcase name="TC1_login_With_Valid_Credentials_Test" time="18.738" classname="com.Tests.LoginTest"/>
  <system-out/>
  <testcase name="TC3_login_With_InValid_Username_Test" classname="com.Tests.LoginTest">
    <skipped/>
  </testcase> <!-- TC3_login_With_InValid_Username_Test -->
  <system-out/>
  <testcase name="TC4_ForgotPassword_Test" classname="com.Tests.LoginTest">
    <skipped/>
  </testcase> <!-- TC4_ForgotPassword_Test -->
  <system-out/>
  <testcase name="TC2_login_With_InValidPassword_Test" classname="com.Tests.LoginTest">
    <skipped/>
  </testcase> <!-- TC2_login_With_InValidPassword_Test -->
  <system-out/>
</testsuite> <!-- com.Tests.LoginTest -->
