<?xml version="1.0" encoding="UTF-8"?>
<!-- Generated by org.testng.reporters.JUnitReportReporter -->
<testsuite skipped="0" hostname="DESKTOP-PU16VBP" name="com.Tests.testBase" tests="1" failures="0" timestamp="2021-01-06T19:13:26 CST" time="0.194" errors="0">
  <testcase name="login_Valid_Credentials_Test" time="0.194" classname="com.Tests.testBase"/>
  <system-out/>
</testsuite> <!-- com.Tests.testBase -->
